C51 COMPILER V9.01   INIT                                                                  11/16/2020 22:49:56 PAGE 1   


C51 COMPILER V9.01, COMPILATION OF MODULE INIT
OBJECT MODULE PLACED IN init.obj
COMPILER INVOKED BY: D:\Program Files\keil\C51\BIN\C51.EXE src\init.c BROWSE DEBUG OBJECTEXTEND PRINT(.\init.lst) OBJECT
                    -(init.obj)

line level    source

   1          #include "weigh.h"
   2          #include "init.h"
   3          
   4          void time_init(void)
   5          {
   6   1          TMOD = 0X11; // 设置定时器0,1为工作模式1
   7   1          TH0 = 238;
   8   1          TL0 = 0; // 装初值,定时时间为5ms
   9   1          EA = 1;  // 开启总中断允许
  10   1          ET0 = 1; // 开启定时器0中断
  11   1          ET1 = 1; // 开启定时器1中断
  12   1          TR0 = 1; // 启动定时器0
  13   1      }
  14          
  15          // void weight_init(unsigned char *weight)
  16          // {
  17          //     while (*weight != '\0')
  18          //     {
  19          //         *weight++ = clearTab;
  20          //     }
  21          // }
  22          
  23          void init_WeiTag(unsigned char *str1, unsigned char *str2)
  24          {
  25   1          unsigned char i;
  26   1          for (i = 0; i < 5; i++)
  27   1          {
  28   2              *str1++ = *str2;
  29   2          }
  30   1      }


MODULE INFORMATION:   STATIC OVERLAYABLE
   CODE SIZE        =     59    ----
   CONSTANT SIZE    =   ----    ----
   XDATA SIZE       =   ----    ----
   PDATA SIZE       =   ----    ----
   DATA SIZE        =   ----       6
   IDATA SIZE       =   ----    ----
   BIT SIZE         =   ----    ----
END OF MODULE INFORMATION.


C51 COMPILATION COMPLETE.  0 WARNING(S),  0 ERROR(S)
